# JRE version: OpenJDK Runtime Environment (8.0_112-b06) (build 1.8.0_112-release-b06)
# Java VM: OpenJDK 64-Bit Server VM (25.112-b06 mixed mode windows-amd64 compressed oops)
Heap:
 PSYoungGen      total 323584K, used 286741K [0x00000000e0000000, 0x00000000f5900000, 0x0000000100000000)
  eden space 297984K, 89% used [0x00000000e0000000,0x00000000f0497cf0,0x00000000f2300000)
  from space 25600K, 77% used [0x00000000f3e00000,0x00000000f516da68,0x00000000f5700000)
  to   space 27648K, 0% used [0x00000000f2300000,0x00000000f2300000,0x00000000f3e00000)
 ParOldGen       total 101888K, used 47863K [0x00000000a0000000, 0x00000000a6380000, 0x00000000e0000000)
  object space 101888K, 46% used [0x00000000a0000000,0x00000000a2ebdef0,0x00000000a6380000)
 Metaspace       used 70668K, capacity 74354K, committed 74584K, reserved 1114112K
  class space    used 9134K, capacity 9786K, committed 9816K, reserved 1048576K
GC Heap History (10 events):
Event: 42.415 GC heap before
{Heap before GC invocations=13 (full 3):
 PSYoungGen      total 250368K, used 21488K [0x00000000e0000000, 0x00000000f1d00000, 0x0000000100000000)
  eden space 228864K, 0% used [0x00000000e0000000,0x00000000e0000000,0x00000000edf80000)
  from space 21504K, 99% used [0x00000000efb80000,0x00000000f107c030,0x00000000f1080000)
  to   space 28672K, 0% used [0x00000000edf80000,0x00000000edf80000,0x00000000efb80000)
 ParOldGen       total 55296K, used 39883K [0x00000000a0000000, 0x00000000a3600000, 0x00000000e0000000)
  object space 55296K, 72% used [0x00000000a0000000,0x00000000a26f2ec8,0x00000000a3600000)
 Metaspace       used 56664K, capacity 58952K, committed 59028K, reserved 1099776K
  class space    used 7651K, capacity 8151K, committed 8152K, reserved 1048576K
Event: 43.090 GC heap after
Heap after GC invocations=13 (full 3):
 PSYoungGen      total 250368K, used 0K [0x00000000e0000000, 0x00000000f1d00000, 0x0000000100000000)
  eden space 228864K, 0% used [0x00000000e0000000,0x00000000e0000000,0x00000000edf80000)
  from space 21504K, 0% used [0x00000000efb80000,0x00000000efb80000,0x00000000f1080000)
  to   space 28672K, 0% used [0x00000000edf80000,0x00000000edf80000,0x00000000efb80000)
 ParOldGen       total 101888K, used 47839K [0x00000000a0000000, 0x00000000a6380000, 0x00000000e0000000)
  object space 101888K, 46% used [0x00000000a0000000,0x00000000a2eb7ef0,0x00000000a6380000)
 Metaspace       used 56664K, capacity 58952K, committed 59028K, reserved 1099776K
  class space    used 7651K, capacity 8151K, committed 8152K, reserved 1048576K
}
Event: 406.152 GC heap before
{Heap before GC invocations=14 (full 3):
 PSYoungGen      total 250368K, used 228864K [0x00000000e0000000, 0x00000000f1d00000, 0x0000000100000000)
  eden space 228864K, 100% used [0x00000000e0000000,0x00000000edf80000,0x00000000edf80000)
  from space 21504K, 0% used [0x00000000efb80000,0x00000000efb80000,0x00000000f1080000)
  to   space 28672K, 0% used [0x00000000edf80000,0x00000000edf80000,0x00000000efb80000)
 ParOldGen       total 101888K, used 47839K [0x00000000a0000000, 0x00000000a6380000, 0x00000000e0000000)
  object space 101888K, 46% used [0x00000000a0000000,0x00000000a2eb7ef0,0x00000000a6380000)
 Metaspace       used 57947K, capacity 60522K, committed 60760K, reserved 1101824K
  class space    used 7733K, capacity 8248K, committed 8280K, reserved 1048576K
Event: 406.173 GC heap after
Heap after GC invocations=14 (full 3):
 PSYoungGen      total 257536K, used 7499K [0x00000000e0000000, 0x00000000f4100000, 0x0000000100000000)
  eden space 228864K, 0% used [0x00000000e0000000,0x00000000e0000000,0x00000000edf80000)
  from space 28672K, 26% used [0x00000000edf80000,0x00000000ee6d2f80,0x00000000efb80000)
  to   space 27648K, 0% used [0x00000000f2600000,0x00000000f2600000,0x00000000f4100000)
 ParOldGen       total 101888K, used 47847K [0x00000000a0000000, 0x00000000a6380000, 0x00000000e0000000)
  object space 101888K, 46% used [0x00000000a0000000,0x00000000a2eb9ef0,0x00000000a6380000)
 Metaspace       used 57947K, capacity 60522K, committed 60760K, reserved 1101824K
  class space    used 7733K, capacity 8248K, committed 8280K, reserved 1048576K
}
Event: 619.668 GC heap before
{Heap before GC invocations=15 (full 3):
 PSYoungGen      total 257536K, used 236363K [0x00000000e0000000, 0x00000000f4100000, 0x0000000100000000)
  eden space 228864K, 100% used [0x00000000e0000000,0x00000000edf80000,0x00000000edf80000)
  from space 28672K, 26% used [0x00000000edf80000,0x00000000ee6d2f80,0x00000000efb80000)
  to   space 27648K, 0% used [0x00000000f2600000,0x00000000f2600000,0x00000000f4100000)
 ParOldGen       total 101888K, used 47847K [0x00000000a0000000, 0x00000000a6380000, 0x00000000e0000000)
  object space 101888K, 46% used [0x00000000a0000000,0x00000000a2eb9ef0,0x00000000a6380000)
 Metaspace       used 59106K, capacity 62070K, committed 62168K, reserved 1103872K
  class space    used 7855K, capacity 8402K, committed 8408K, reserved 1048576K
Event: 619.694 GC heap after
Heap after GC invocations=15 (full 3):
 PSYoungGen      total 282624K, used 9022K [0x00000000e0000000, 0x00000000f3700000, 0x0000000100000000)
  eden space 265216K, 0% used [0x00000000e0000000,0x00000000e0000000,0x00000000f0300000)
  from space 17408K, 51% used [0x00000000f2600000,0x00000000f2ecf9e0,0x00000000f3700000)
  to   space 26624K, 0% used [0x00000000f0300000,0x00000000f0300000,0x00000000f1d00000)
 ParOldGen       total 101888K, used 47855K [0x00000000a0000000, 0x00000000a6380000, 0x00000000e0000000)
  object space 101888K, 46% used [0x00000000a0000000,0x00000000a2ebbef0,0x00000000a6380000)
 Metaspace       used 59106K, capacity 62070K, committed 62168K, reserved 1103872K
  class space    used 7855K, capacity 8402K, committed 8408K, reserved 1048576K
}
Event: 689.123 GC heap before
{Heap before GC invocations=16 (full 3):
 PSYoungGen      total 282624K, used 274238K [0x00000000e0000000, 0x00000000f3700000, 0x0000000100000000)
  eden space 265216K, 100% used [0x00000000e0000000,0x00000000f0300000,0x00000000f0300000)
  from space 17408K, 51% used [0x00000000f2600000,0x00000000f2ecf9e0,0x00000000f3700000)
  to   space 26624K, 0% used [0x00000000f0300000,0x00000000f0300000,0x00000000f1d00000)
 ParOldGen       total 101888K, used 47855K [0x00000000a0000000, 0x00000000a6380000, 0x00000000e0000000)
  object space 101888K, 46% used [0x00000000a0000000,0x00000000a2ebbef0,0x00000000a6380000)
 Metaspace       used 60098K, capacity 63284K, committed 63576K, reserved 1103872K
  class space    used 7936K, capacity 8485K, committed 8536K, reserved 1048576K
Event: 689.171 GC heap after
Heap after GC invocations=16 (full 3):
 PSYoungGen      total 291840K, used 12683K [0x00000000e0000000, 0x00000000f5700000, 0x0000000100000000)
  eden space 265216K, 0% used [0x00000000e0000000,0x00000000e0000000,0x00000000f0300000)
  from space 26624K, 47% used [0x00000000f0300000,0x00000000f0f62fc0,0x00000000f1d00000)
  to   space 25600K, 0% used [0x00000000f3e00000,0x00000000f3e00000,0x00000000f5700000)
 ParOldGen       total 101888K, used 47863K [0x00000000a0000000, 0x00000000a6380000, 0x00000000e0000000)
  object space 101888K, 46% used [0x00000000a0000000,0x00000000a2ebdef0,0x00000000a6380000)
 Metaspace       used 60098K, capacity 63284K, committed 63576K, reserved 1103872K
  class space    used 7936K, capacity 8485K, committed 8536K, reserved 1048576K
}
Event: 703.669 GC heap before
{Heap before GC invocations=17 (full 3):
 PSYoungGen      total 291840K, used 276987K [0x00000000e0000000, 0x00000000f5700000, 0x0000000100000000)
  eden space 265216K, 99% used [0x00000000e0000000,0x00000000f021c030,0x00000000f0300000)
  from space 26624K, 47% used [0x00000000f0300000,0x00000000f0f62fc0,0x00000000f1d00000)
  to   space 25600K, 0% used [0x00000000f3e00000,0x00000000f3e00000,0x00000000f5700000)
 ParOldGen       total 101888K, used 47863K [0x00000000a0000000, 0x00000000a6380000, 0x00000000e0000000)
  object space 101888K, 46% used [0x00000000a0000000,0x00000000a2ebdef0,0x00000000a6380000)
 Metaspace       used 67371K, capacity 70904K, committed 71128K, reserved 1112064K
  class space    used 8811K, capacity 9429K, committed 9432K, reserved 1048576K
Event: 703.729 GC heap after
Heap after GC invocations=17 (full 3):
 PSYoungGen      total 323584K, used 19894K [0x00000000e0000000, 0x00000000f5900000, 0x0000000100000000)
  eden space 297984K, 0% used [0x00000000e0000000,0x00000000e0000000,0x00000000f2300000)
  from space 25600K, 77% used [0x00000000f3e00000,0x00000000f516da68,0x00000000f5700000)
  to   space 27648K, 0% used [0x00000000f2300000,0x00000000f2300000,0x00000000f3e00000)
 ParOldGen       total 101888K, used 47863K [0x00000000a0000000, 0x00000000a6380000, 0x00000000e0000000)
  object space 101888K, 46% used [0x00000000a0000000,0x00000000a2ebdef0,0x00000000a6380000)
 Metaspace       used 67371K, capacity 70904K, committed 71128K, reserved 1112064K
  class space    used 8811K, capacity 9429K, committed 9432K, reserved 1048576K
}

